121111 16:00:17 [Note] Plugin 'FEDERATED' is disabled.
121111 16:00:17 InnoDB: The InnoDB memory heap is disabled
121111 16:00:17 InnoDB: Mutexes and rw_locks use Windows interlocked functions
121111 16:00:17 InnoDB: Compressed tables use zlib 1.2.3
121111 16:00:17 InnoDB: Initializing buffer pool, size = 16.0M
121111 16:00:17 InnoDB: Completed initialization of buffer pool
InnoDB: The first specified data file C:\Program Files\xampp\mysql\data\ibdata1 did not exist:
InnoDB: a new database to be created!
121111 16:00:17  InnoDB: Setting file C:\Program Files\xampp\mysql\data\ibdata1 size to 10 MB
InnoDB: Database physically writes the file full: wait...
121111 16:00:18  InnoDB: Log file C:\Program Files\xampp\mysql\data\ib_logfile0 did not exist: new to be created
InnoDB: Setting log file C:\Program Files\xampp\mysql\data\ib_logfile0 size to 5 MB
InnoDB: Database physically writes the file full: wait...
121111 16:00:18  InnoDB: Log file C:\Program Files\xampp\mysql\data\ib_logfile1 did not exist: new to be created
InnoDB: Setting log file C:\Program Files\xampp\mysql\data\ib_logfile1 size to 5 MB
InnoDB: Database physically writes the file full: wait...
InnoDB: Doublewrite buffer not found: creating new
InnoDB: Doublewrite buffer created
InnoDB: 127 rollback segment(s) active.
InnoDB: Creating foreign key constraint system tables
InnoDB: Foreign key constraint system tables created
121111 16:00:19  InnoDB: Waiting for the background threads to start
121111 16:00:20 InnoDB: 1.1.8 started; log sequence number 0
121111 16:00:20 [Note] Server hostname (bind-address): '0.0.0.0'; port: 3306
121111 16:00:20 [Note]   - '0.0.0.0' resolves to '0.0.0.0';
121111 16:00:20 [Note] Server socket created on IP: '0.0.0.0'.
121111 19:30:36 [Note] Plugin 'FEDERATED' is disabled.
121111 19:30:36 InnoDB: The InnoDB memory heap is disabled
121111 19:30:36 InnoDB: Mutexes and rw_locks use Windows interlocked functions
121111 19:30:36 InnoDB: Compressed tables use zlib 1.2.3
121111 19:30:36  InnoDB: Error: unable to create temporary file; errno: 2
121111 19:30:36 [ERROR] Plugin 'InnoDB' init function returned error.
121111 19:30:36 [ERROR] Plugin 'InnoDB' registration as a STORAGE ENGINE failed.
121111 19:30:36 [ERROR] Unknown/unsupported storage engine: InnoDB
121111 19:30:36 [ERROR] Aborting

121111 19:30:36 [Note] c:\program files\xampp\mysql\bin\mysqld.exe: Shutdown complete

121111 19:33:16 [Note] Plugin 'FEDERATED' is disabled.
121111 19:33:16 InnoDB: The InnoDB memory heap is disabled
121111 19:33:16 InnoDB: Mutexes and rw_locks use Windows interlocked functions
121111 19:33:16 InnoDB: Compressed tables use zlib 1.2.3
121111 19:33:16 InnoDB: Initializing buffer pool, size = 16.0M
121111 19:33:16 InnoDB: Completed initialization of buffer pool
121111 19:33:16 InnoDB: highest supported file format is Barracuda.
InnoDB: The log sequence number in ibdata files does not match
InnoDB: the log sequence number in the ib_logfiles!
121111 19:33:16  InnoDB: Database was not shut down normally!
InnoDB: Starting crash recovery.
InnoDB: Reading tablespace information from the .ibd files...
InnoDB: Restoring possible half-written data pages from the doublewrite
InnoDB: buffer...
121111 19:33:16  InnoDB: Waiting for the background threads to start
121111 19:33:17 InnoDB: 1.1.8 started; log sequence number 1818578
121111 19:33:17 [Note] Server hostname (bind-address): '0.0.0.0'; port: 3306
121111 19:33:17 [Note]   - '0.0.0.0' resolves to '0.0.0.0';
121111 19:33:17 [Note] Server socket created on IP: '0.0.0.0'.
121111 20:16:47 [Note] Plugin 'FEDERATED' is disabled.
121111 20:16:47 InnoDB: The InnoDB memory heap is disabled
121111 20:16:47 InnoDB: Mutexes and rw_locks use Windows interlocked functions
121111 20:16:47 InnoDB: Compressed tables use zlib 1.2.3
121111 20:16:47 InnoDB: Initializing buffer pool, size = 16.0M
121111 20:16:47 InnoDB: Completed initialization of buffer pool
121111 20:16:47 InnoDB: highest supported file format is Barracuda.
InnoDB: The log sequence number in ibdata files does not match
InnoDB: the log sequence number in the ib_logfiles!
121111 20:16:47  InnoDB: Database was not shut down normally!
InnoDB: Starting crash recovery.
InnoDB: Reading tablespace information from the .ibd files...
InnoDB: Restoring possible half-written data pages from the doublewrite
InnoDB: buffer...
121111 20:16:48  InnoDB: Waiting for the background threads to start
121111 20:16:49 InnoDB: 1.1.8 started; log sequence number 1818588
121111 20:16:49 [Note] Server hostname (bind-address): '0.0.0.0'; port: 3306
121111 20:16:49 [Note]   - '0.0.0.0' resolves to '0.0.0.0';
121111 20:16:49 [Note] Server socket created on IP: '0.0.0.0'.
121112 10:00:25 [Note] Plugin 'FEDERATED' is disabled.
121112 10:00:25 InnoDB: The InnoDB memory heap is disabled
121112 10:00:25 InnoDB: Mutexes and rw_locks use Windows interlocked functions
121112 10:00:25 InnoDB: Compressed tables use zlib 1.2.3
121112 10:00:25  InnoDB: Error: unable to create temporary file; errno: 2
121112 10:00:25 [ERROR] Plugin 'InnoDB' init function returned error.
121112 10:00:25 [ERROR] Plugin 'InnoDB' registration as a STORAGE ENGINE failed.
121112 10:00:25 [ERROR] Unknown/unsupported storage engine: InnoDB
121112 10:00:25 [ERROR] Aborting

121112 10:00:25 [Note] c:\program files\xampp\mysql\bin\mysqld.exe: Shutdown complete

121112 10:00:53 [Note] Plugin 'FEDERATED' is disabled.
121112 10:00:53 InnoDB: The InnoDB memory heap is disabled
121112 10:00:53 InnoDB: Mutexes and rw_locks use Windows interlocked functions
121112 10:00:53 InnoDB: Compressed tables use zlib 1.2.3
121112 10:00:53 InnoDB: Initializing buffer pool, size = 16.0M
121112 10:00:53 InnoDB: Completed initialization of buffer pool
121112 10:00:53 InnoDB: highest supported file format is Barracuda.
InnoDB: The log sequence number in ibdata files does not match
InnoDB: the log sequence number in the ib_logfiles!
121112 10:00:53  InnoDB: Database was not shut down normally!
InnoDB: Starting crash recovery.
InnoDB: Reading tablespace information from the .ibd files...
InnoDB: Restoring possible half-written data pages from the doublewrite
InnoDB: buffer...
121112 10:00:53  InnoDB: Waiting for the background threads to start
121112 10:00:54 InnoDB: 1.1.8 started; log sequence number 1818598
121112 10:00:54 [Note] Server hostname (bind-address): '0.0.0.0'; port: 3306
121112 10:00:54 [Note]   - '0.0.0.0' resolves to '0.0.0.0';
121112 10:00:54 [Note] Server socket created on IP: '0.0.0.0'.
121112 11:35:02 [Note] Plugin 'FEDERATED' is disabled.
121112 11:35:02 InnoDB: The InnoDB memory heap is disabled
121112 11:35:02 InnoDB: Mutexes and rw_locks use Windows interlocked functions
121112 11:35:02 InnoDB: Compressed tables use zlib 1.2.3
121112 11:35:02 InnoDB: Initializing buffer pool, size = 16.0M
121112 11:35:02 InnoDB: Completed initialization of buffer pool
121112 11:35:02 InnoDB: highest supported file format is Barracuda.
InnoDB: The log sequence number in ibdata files does not match
InnoDB: the log sequence number in the ib_logfiles!
121112 11:35:02  InnoDB: Database was not shut down normally!
InnoDB: Starting crash recovery.
InnoDB: Reading tablespace information from the .ibd files...
InnoDB: Restoring possible half-written data pages from the doublewrite
InnoDB: buffer...
121112 11:35:03  InnoDB: Waiting for the background threads to start
121112 11:35:04 InnoDB: 1.1.8 started; log sequence number 1818598
121112 11:35:04 [Note] Server hostname (bind-address): '0.0.0.0'; port: 3306
121112 11:35:04 [Note]   - '0.0.0.0' resolves to '0.0.0.0';
121112 11:35:04 [Note] Server socket created on IP: '0.0.0.0'.
121112 15:41:35 [Note] Plugin 'FEDERATED' is disabled.
121112 15:41:35 InnoDB: The InnoDB memory heap is disabled
121112 15:41:35 InnoDB: Mutexes and rw_locks use Windows interlocked functions
121112 15:41:35 InnoDB: Compressed tables use zlib 1.2.3
121112 15:41:35 InnoDB: Initializing buffer pool, size = 16.0M
121112 15:41:35 InnoDB: Completed initialization of buffer pool
121112 15:41:36 InnoDB: highest supported file format is Barracuda.
InnoDB: The log sequence number in ibdata files does not match
InnoDB: the log sequence number in the ib_logfiles!
121112 15:41:36  InnoDB: Database was not shut down normally!
InnoDB: Starting crash recovery.
InnoDB: Reading tablespace information from the .ibd files...
InnoDB: Restoring possible half-written data pages from the doublewrite
InnoDB: buffer...
121112 15:41:36  InnoDB: Waiting for the background threads to start
121112 15:41:37 InnoDB: 1.1.8 started; log sequence number 1825748
121112 15:41:37 [Note] Server hostname (bind-address): '0.0.0.0'; port: 3306
121112 15:41:37 [Note]   - '0.0.0.0' resolves to '0.0.0.0';
121112 15:41:37 [Note] Server socket created on IP: '0.0.0.0'.
